# JRE version: Java(TM) SE Runtime Environment (8.0_201-b09) (build 1.8.0_201-b09)
# Java VM: Java HotSpot(TM) 64-Bit Server VM (25.201-b09 mixed mode windows-amd64 compressed oops)
Heap:
 PSYoungGen      total 247296K, used 186182K [0x00000000e0000000, 0x00000000f4580000, 0x0000000100000000)
  eden space 214016K, 71% used [0x00000000e0000000,0x00000000e9555808,0x00000000ed100000)
  from space 33280K, 99% used [0x00000000ed100000,0x00000000ef17c188,0x00000000ef180000)
  to   space 42496K, 0% used [0x00000000f1c00000,0x00000000f1c00000,0x00000000f4580000)
 ParOldGen       total 130560K, used 92431K [0x00000000a0000000, 0x00000000a7f80000, 0x00000000e0000000)
  object space 130560K, 70% used [0x00000000a0000000,0x00000000a5a43d88,0x00000000a7f80000)
 Metaspace       used 83291K, capacity 86452K, committed 86528K, reserved 1124352K
  class space    used 11350K, capacity 11999K, committed 12032K, reserved 1048576K
GC Heap History (10 events):
Event: 9.190 GC heap before
{Heap before GC invocations=14 (full 3):
 PSYoungGen      total 167936K, used 14318K [0x00000000e0000000, 0x00000000ee280000, 0x0000000100000000)
  eden space 153600K, 0% used [0x00000000e0000000,0x00000000e0000000,0x00000000e9600000)
  from space 14336K, 99% used [0x00000000e9600000,0x00000000ea3fb800,0x00000000ea400000)
  to   space 18944K, 0% used [0x00000000ed000000,0x00000000ed000000,0x00000000ee280000)
 ParOldGen       total 83456K, used 29343K [0x00000000a0000000, 0x00000000a5180000, 0x00000000e0000000)
  object space 83456K, 35% used [0x00000000a0000000,0x00000000a1ca7e98,0x00000000a5180000)
 Metaspace       used 57345K, capacity 58928K, committed 59028K, reserved 1099776K
  class space    used 7976K, capacity 8375K, committed 8448K, reserved 1048576K
Event: 9.450 GC heap after
Heap after GC invocations=14 (full 3):
 PSYoungGen      total 167936K, used 0K [0x00000000e0000000, 0x00000000ee280000, 0x0000000100000000)
  eden space 153600K, 0% used [0x00000000e0000000,0x00000000e0000000,0x00000000e9600000)
  from space 14336K, 0% used [0x00000000e9600000,0x00000000e9600000,0x00000000ea400000)
  to   space 18944K, 0% used [0x00000000ed000000,0x00000000ed000000,0x00000000ee280000)
 ParOldGen       total 130560K, used 37439K [0x00000000a0000000, 0x00000000a7f80000, 0x00000000e0000000)
  object space 130560K, 28% used [0x00000000a0000000,0x00000000a248fc80,0x00000000a7f80000)
 Metaspace       used 57345K, capacity 58928K, committed 59028K, reserved 1099776K
  class space    used 7976K, capacity 8375K, committed 8448K, reserved 1048576K
}
Event: 12.454 GC heap before
{Heap before GC invocations=15 (full 3):
 PSYoungGen      total 167936K, used 153600K [0x00000000e0000000, 0x00000000ee280000, 0x0000000100000000)
  eden space 153600K, 100% used [0x00000000e0000000,0x00000000e9600000,0x00000000e9600000)
  from space 14336K, 0% used [0x00000000e9600000,0x00000000e9600000,0x00000000ea400000)
  to   space 18944K, 0% used [0x00000000ed000000,0x00000000ed000000,0x00000000ee280000)
 ParOldGen       total 130560K, used 37439K [0x00000000a0000000, 0x00000000a7f80000, 0x00000000e0000000)
  object space 130560K, 28% used [0x00000000a0000000,0x00000000a248fc80,0x00000000a7f80000)
 Metaspace       used 61783K, capacity 63690K, committed 63872K, reserved 1103872K
  class space    used 8550K, capacity 8984K, committed 9088K, reserved 1048576K
Event: 12.481 GC heap after
Heap after GC invocations=15 (full 3):
 PSYoungGen      total 196608K, used 13243K [0x00000000e0000000, 0x00000000edd00000, 0x0000000100000000)
  eden space 183296K, 0% used [0x00000000e0000000,0x00000000e0000000,0x00000000eb300000)
  from space 13312K, 99% used [0x00000000ed000000,0x00000000edceeee8,0x00000000edd00000)
  to   space 19456K, 0% used [0x00000000eb700000,0x00000000eb700000,0x00000000eca00000)
 ParOldGen       total 130560K, used 37447K [0x00000000a0000000, 0x00000000a7f80000, 0x00000000e0000000)
  object space 130560K, 28% used [0x00000000a0000000,0x00000000a2491c80,0x00000000a7f80000)
 Metaspace       used 61783K, capacity 63690K, committed 63872K, reserved 1103872K
  class space    used 8550K, capacity 8984K, committed 9088K, reserved 1048576K
}
Event: 16.268 GC heap before
{Heap before GC invocations=16 (full 3):
 PSYoungGen      total 196608K, used 192702K [0x00000000e0000000, 0x00000000edd00000, 0x0000000100000000)
  eden space 183296K, 97% used [0x00000000e0000000,0x00000000eaf40a50,0x00000000eb300000)
  from space 13312K, 99% used [0x00000000ed000000,0x00000000edceeee8,0x00000000edd00000)
  to   space 19456K, 0% used [0x00000000eb700000,0x00000000eb700000,0x00000000eca00000)
 ParOldGen       total 130560K, used 42977K [0x00000000a0000000, 0x00000000a7f80000, 0x00000000e0000000)
  object space 130560K, 32% used [0x00000000a0000000,0x00000000a29f8480,0x00000000a7f80000)
 Metaspace       used 64658K, capacity 66844K, committed 67072K, reserved 1107968K
  class space    used 8918K, capacity 9405K, committed 9472K, reserved 1048576K
Event: 16.295 GC heap after
Heap after GC invocations=16 (full 3):
 PSYoungGen      total 206848K, used 19453K [0x00000000e0000000, 0x00000000f1100000, 0x0000000100000000)
  eden space 187392K, 0% used [0x00000000e0000000,0x00000000e0000000,0x00000000eb700000)
  from space 19456K, 99% used [0x00000000eb700000,0x00000000ec9ff5d8,0x00000000eca00000)
  to   space 32256K, 0% used [0x00000000ef180000,0x00000000ef180000,0x00000000f1100000)
 ParOldGen       total 130560K, used 70766K [0x00000000a0000000, 0x00000000a7f80000, 0x00000000e0000000)
  object space 130560K, 54% used [0x00000000a0000000,0x00000000a451b908,0x00000000a7f80000)
 Metaspace       used 64658K, capacity 66844K, committed 67072K, reserved 1107968K
  class space    used 8918K, capacity 9405K, committed 9472K, reserved 1048576K
}
Event: 60.181 GC heap before
{Heap before GC invocations=17 (full 3):
 PSYoungGen      total 206848K, used 206845K [0x00000000e0000000, 0x00000000f1100000, 0x0000000100000000)
  eden space 187392K, 100% used [0x00000000e0000000,0x00000000eb700000,0x00000000eb700000)
  from space 19456K, 99% used [0x00000000eb700000,0x00000000ec9ff5d8,0x00000000eca00000)
  to   space 32256K, 0% used [0x00000000ef180000,0x00000000ef180000,0x00000000f1100000)
 ParOldGen       total 130560K, used 70770K [0x00000000a0000000, 0x00000000a7f80000, 0x00000000e0000000)
  object space 130560K, 54% used [0x00000000a0000000,0x00000000a451cac8,0x00000000a7f80000)
 Metaspace       used 70983K, capacity 73626K, committed 73728K, reserved 1112064K
  class space    used 9640K, capacity 10190K, committed 10240K, reserved 1048576K
Event: 60.225 GC heap after
Heap after GC invocations=17 (full 3):
 PSYoungGen      total 246272K, used 21520K [0x00000000e0000000, 0x00000000f1200000, 0x0000000100000000)
  eden space 214016K, 0% used [0x00000000e0000000,0x00000000e0000000,0x00000000ed100000)
  from space 32256K, 66% used [0x00000000ef180000,0x00000000f0684160,0x00000000f1100000)
  to   space 33280K, 0% used [0x00000000ed100000,0x00000000ed100000,0x00000000ef180000)
 ParOldGen       total 130560K, used 81855K [0x00000000a0000000, 0x00000000a7f80000, 0x00000000e0000000)
  object space 130560K, 62% used [0x00000000a0000000,0x00000000a4fefeb8,0x00000000a7f80000)
 Metaspace       used 70983K, capacity 73626K, committed 73728K, reserved 1112064K
  class space    used 9640K, capacity 10190K, committed 10240K, reserved 1048576K
}
Event: 64.335 GC heap before
{Heap before GC invocations=18 (full 3):
 PSYoungGen      total 246272K, used 235536K [0x00000000e0000000, 0x00000000f1200000, 0x0000000100000000)
  eden space 214016K, 100% used [0x00000000e0000000,0x00000000ed100000,0x00000000ed100000)
  from space 32256K, 66% used [0x00000000ef180000,0x00000000f0684160,0x00000000f1100000)
  to   space 33280K, 0% used [0x00000000ed100000,0x00000000ed100000,0x00000000ef180000)
 ParOldGen       total 130560K, used 81855K [0x00000000a0000000, 0x00000000a7f80000, 0x00000000e0000000)
  object space 130560K, 62% used [0x00000000a0000000,0x00000000a4fefeb8,0x00000000a7f80000)
 Metaspace       used 77203K, capacity 79826K, committed 80128K, reserved 1118208K
  class space    used 10369K, capacity 10920K, committed 11008K, reserved 1048576K
Event: 64.419 GC heap after
Heap after GC invocations=18 (full 3):
 PSYoungGen      total 247296K, used 33264K [0x00000000e0000000, 0x00000000f4580000, 0x0000000100000000)
  eden space 214016K, 0% used [0x00000000e0000000,0x00000000e0000000,0x00000000ed100000)
  from space 33280K, 99% used [0x00000000ed100000,0x00000000ef17c188,0x00000000ef180000)
  to   space 42496K, 0% used [0x00000000f1c00000,0x00000000f1c00000,0x00000000f4580000)
 ParOldGen       total 130560K, used 92431K [0x00000000a0000000, 0x00000000a7f80000, 0x00000000e0000000)
  object space 130560K, 70% used [0x00000000a0000000,0x00000000a5a43d88,0x00000000a7f80000)
 Metaspace       used 77203K, capacity 79826K, committed 80128K, reserved 1118208K
  class space    used 10369K, capacity 10920K, committed 11008K, reserved 1048576K
}

