# JRE version: Java(TM) SE Runtime Environment (8.0_201-b09) (build 1.8.0_201-b09)
# Java VM: Java HotSpot(TM) 64-Bit Server VM (25.201-b09 mixed mode windows-amd64 compressed oops)
Heap:
 PSYoungGen      total 452608K, used 192245K [0x00000000e0000000, 0x0000000100000000, 0x0000000100000000)
  eden space 411648K, 38% used [0x00000000e0000000,0x00000000e9b6ee60,0x00000000f9200000)
  from space 40960K, 80% used [0x00000000f9200000,0x00000000fb24e918,0x00000000fba00000)
  to   space 44032K, 0% used [0x00000000fd500000,0x00000000fd500000,0x0000000100000000)
 ParOldGen       total 140800K, used 96450K [0x00000000a0000000, 0x00000000a8980000, 0x00000000e0000000)
  object space 140800K, 68% used [0x00000000a0000000,0x00000000a5e30828,0x00000000a8980000)
 Metaspace       used 93399K, capacity 97264K, committed 97408K, reserved 1134592K
  class space    used 12220K, capacity 13058K, committed 13184K, reserved 1048576K
GC Heap History (10 events):
Event: 1058.169 GC heap before
{Heap before GC invocations=28 (full 3):
 PSYoungGen      total 403456K, used 390392K [0x00000000e0000000, 0x00000000fba80000, 0x0000000100000000)
  eden space 360960K, 100% used [0x00000000e0000000,0x00000000f6080000,0x00000000f6080000)
  from space 42496K, 69% used [0x00000000f8b00000,0x00000000fa7be0b0,0x00000000fb480000)
  to   space 43520K, 0% used [0x00000000f6080000,0x00000000f6080000,0x00000000f8b00000)
 ParOldGen       total 140800K, used 89312K [0x00000000a0000000, 0x00000000a8980000, 0x00000000e0000000)
  object space 140800K, 63% used [0x00000000a0000000,0x00000000a5738260,0x00000000a8980000)
 Metaspace       used 93231K, capacity 97056K, committed 97408K, reserved 1134592K
  class space    used 12217K, capacity 13058K, committed 13184K, reserved 1048576K
Event: 1058.214 GC heap after
Heap after GC invocations=28 (full 3):
 PSYoungGen      total 404480K, used 22437K [0x00000000e0000000, 0x00000000fe500000, 0x0000000100000000)
  eden space 360960K, 0% used [0x00000000e0000000,0x00000000e0000000,0x00000000f6080000)
  from space 43520K, 51% used [0x00000000f6080000,0x00000000f76694e0,0x00000000f8b00000)
  to   space 41984K, 0% used [0x00000000fbc00000,0x00000000fbc00000,0x00000000fe500000)
 ParOldGen       total 140800K, used 96434K [0x00000000a0000000, 0x00000000a8980000, 0x00000000e0000000)
  object space 140800K, 68% used [0x00000000a0000000,0x00000000a5e2c828,0x00000000a8980000)
 Metaspace       used 93231K, capacity 97056K, committed 97408K, reserved 1134592K
  class space    used 12217K, capacity 13058K, committed 13184K, reserved 1048576K
}
Event: 1059.693 GC heap before
{Heap before GC invocations=29 (full 3):
 PSYoungGen      total 404480K, used 383397K [0x00000000e0000000, 0x00000000fe500000, 0x0000000100000000)
  eden space 360960K, 100% used [0x00000000e0000000,0x00000000f6080000,0x00000000f6080000)
  from space 43520K, 51% used [0x00000000f6080000,0x00000000f76694e0,0x00000000f8b00000)
  to   space 41984K, 0% used [0x00000000fbc00000,0x00000000fbc00000,0x00000000fe500000)
 ParOldGen       total 140800K, used 96434K [0x00000000a0000000, 0x00000000a8980000, 0x00000000e0000000)
  object space 140800K, 68% used [0x00000000a0000000,0x00000000a5e2c828,0x00000000a8980000)
 Metaspace       used 93265K, capacity 97136K, committed 97408K, reserved 1134592K
  class space    used 12219K, capacity 13058K, committed 13184K, reserved 1048576K
Event: 1059.744 GC heap after
Heap after GC invocations=29 (full 3):
 PSYoungGen      total 450560K, used 25170K [0x00000000e0000000, 0x00000000fe200000, 0x0000000100000000)
  eden space 411648K, 0% used [0x00000000e0000000,0x00000000e0000000,0x00000000f9200000)
  from space 38912K, 64% used [0x00000000fbc00000,0x00000000fd494b70,0x00000000fe200000)
  to   space 40960K, 0% used [0x00000000f9200000,0x00000000f9200000,0x00000000fba00000)
 ParOldGen       total 140800K, used 96434K [0x00000000a0000000, 0x00000000a8980000, 0x00000000e0000000)
  object space 140800K, 68% used [0x00000000a0000000,0x00000000a5e2c828,0x00000000a8980000)
 Metaspace       used 93265K, capacity 97136K, committed 97408K, reserved 1134592K
  class space    used 12219K, capacity 13058K, committed 13184K, reserved 1048576K
}
Event: 1061.294 GC heap before
{Heap before GC invocations=30 (full 3):
 PSYoungGen      total 450560K, used 436818K [0x00000000e0000000, 0x00000000fe200000, 0x0000000100000000)
  eden space 411648K, 100% used [0x00000000e0000000,0x00000000f9200000,0x00000000f9200000)
  from space 38912K, 64% used [0x00000000fbc00000,0x00000000fd494b70,0x00000000fe200000)
  to   space 40960K, 0% used [0x00000000f9200000,0x00000000f9200000,0x00000000fba00000)
 ParOldGen       total 140800K, used 96434K [0x00000000a0000000, 0x00000000a8980000, 0x00000000e0000000)
  object space 140800K, 68% used [0x00000000a0000000,0x00000000a5e2c828,0x00000000a8980000)
 Metaspace       used 93314K, capacity 97200K, committed 97408K, reserved 1134592K
  class space    used 12220K, capacity 13058K, committed 13184K, reserved 1048576K
Event: 1061.339 GC heap after
Heap after GC invocations=30 (full 3):
 PSYoungGen      total 452608K, used 27016K [0x00000000e0000000, 0x00000000fe200000, 0x0000000100000000)
  eden space 411648K, 0% used [0x00000000e0000000,0x00000000e0000000,0x00000000f9200000)
  from space 40960K, 65% used [0x00000000f9200000,0x00000000fac623e0,0x00000000fba00000)
  to   space 38912K, 0% used [0x00000000fbc00000,0x00000000fbc00000,0x00000000fe200000)
 ParOldGen       total 140800K, used 96434K [0x00000000a0000000, 0x00000000a8980000, 0x00000000e0000000)
  object space 140800K, 68% used [0x00000000a0000000,0x00000000a5e2c828,0x00000000a8980000)
 Metaspace       used 93314K, capacity 97200K, committed 97408K, reserved 1134592K
  class space    used 12220K, capacity 13058K, committed 13184K, reserved 1048576K
}
Event: 1062.735 GC heap before
{Heap before GC invocations=31 (full 3):
 PSYoungGen      total 452608K, used 438664K [0x00000000e0000000, 0x00000000fe200000, 0x0000000100000000)
  eden space 411648K, 100% used [0x00000000e0000000,0x00000000f9200000,0x00000000f9200000)
  from space 40960K, 65% used [0x00000000f9200000,0x00000000fac623e0,0x00000000fba00000)
  to   space 38912K, 0% used [0x00000000fbc00000,0x00000000fbc00000,0x00000000fe200000)
 ParOldGen       total 140800K, used 96434K [0x00000000a0000000, 0x00000000a8980000, 0x00000000e0000000)
  object space 140800K, 68% used [0x00000000a0000000,0x00000000a5e2c828,0x00000000a8980000)
 Metaspace       used 93333K, capacity 97200K, committed 97408K, reserved 1134592K
  class space    used 12220K, capacity 13058K, committed 13184K, reserved 1048576K
Event: 1062.789 GC heap after
Heap after GC invocations=31 (full 3):
 PSYoungGen      total 450560K, used 31285K [0x00000000e0000000, 0x00000000fe200000, 0x0000000100000000)
  eden space 411648K, 0% used [0x00000000e0000000,0x00000000e0000000,0x00000000f9200000)
  from space 38912K, 80% used [0x00000000fbc00000,0x00000000fda8d660,0x00000000fe200000)
  to   space 40960K, 0% used [0x00000000f9200000,0x00000000f9200000,0x00000000fba00000)
 ParOldGen       total 140800K, used 96442K [0x00000000a0000000, 0x00000000a8980000, 0x00000000e0000000)
  object space 140800K, 68% used [0x00000000a0000000,0x00000000a5e2e828,0x00000000a8980000)
 Metaspace       used 93333K, capacity 97200K, committed 97408K, reserved 1134592K
  class space    used 12220K, capacity 13058K, committed 13184K, reserved 1048576K
}
Event: 1064.261 GC heap before
{Heap before GC invocations=32 (full 3):
 PSYoungGen      total 450560K, used 442933K [0x00000000e0000000, 0x00000000fe200000, 0x0000000100000000)
  eden space 411648K, 100% used [0x00000000e0000000,0x00000000f9200000,0x00000000f9200000)
  from space 38912K, 80% used [0x00000000fbc00000,0x00000000fda8d660,0x00000000fe200000)
  to   space 40960K, 0% used [0x00000000f9200000,0x00000000f9200000,0x00000000fba00000)
 ParOldGen       total 140800K, used 96442K [0x00000000a0000000, 0x00000000a8980000, 0x00000000e0000000)
  object space 140800K, 68% used [0x00000000a0000000,0x00000000a5e2e828,0x00000000a8980000)
 Metaspace       used 93374K, capacity 97264K, committed 97408K, reserved 1134592K
  class space    used 12220K, capacity 13058K, committed 13184K, reserved 1048576K
Event: 1064.339 GC heap after
Heap after GC invocations=32 (full 3):
 PSYoungGen      total 452608K, used 33082K [0x00000000e0000000, 0x0000000100000000, 0x0000000100000000)
  eden space 411648K, 0% used [0x00000000e0000000,0x00000000e0000000,0x00000000f9200000)
  from space 40960K, 80% used [0x00000000f9200000,0x00000000fb24e918,0x00000000fba00000)
  to   space 44032K, 0% used [0x00000000fd500000,0x00000000fd500000,0x0000000100000000)
 ParOldGen       total 140800K, used 96450K [0x00000000a0000000, 0x00000000a8980000, 0x00000000e0000000)
  object space 140800K, 68% used [0x00000000a0000000,0x00000000a5e30828,0x00000000a8980000)
 Metaspace       used 93374K, capacity 97264K, committed 97408K, reserved 1134592K
  class space    used 12220K, capacity 13058K, committed 13184K, reserved 1048576K
}

