# JRE version: Java(TM) SE Runtime Environment (8.0_201-b09) (build 1.8.0_201-b09)
# Java VM: Java HotSpot(TM) 64-Bit Server VM (25.201-b09 mixed mode windows-amd64 compressed oops)
Heap:
 PSYoungGen      total 444928K, used 99040K [0x00000000e0000000, 0x0000000100000000, 0x0000000100000000)
  eden space 391168K, 11% used [0x00000000e0000000,0x00000000e2c3bdc0,0x00000000f7e00000)
  from space 53760K, 99% used [0x00000000fcb80000,0x00000000ffffc470,0x0000000100000000)
  to   space 66560K, 0% used [0x00000000f7e00000,0x00000000f7e00000,0x00000000fbf00000)
 ParOldGen       total 212992K, used 94350K [0x00000000a0000000, 0x00000000ad000000, 0x00000000e0000000)
  object space 212992K, 44% used [0x00000000a0000000,0x00000000a5c23ae8,0x00000000ad000000)
 Metaspace       used 110082K, capacity 118900K, committed 118912K, reserved 1153024K
  class space    used 14106K, capacity 15487K, committed 15488K, reserved 1048576K
GC Heap History (10 events):
Event: 7598.454 GC heap before
{Heap before GC invocations=48 (full 4):
 PSYoungGen      total 437248K, used 425041K [0x00000000e0000000, 0x00000000fdc80000, 0x0000000100000000)
  eden space 397312K, 100% used [0x00000000e0000000,0x00000000f8400000,0x00000000f8400000)
  from space 39936K, 69% used [0x00000000f8400000,0x00000000f9f145f0,0x00000000fab00000)
  to   space 39936K, 0% used [0x00000000fb580000,0x00000000fb580000,0x00000000fdc80000)
 ParOldGen       total 212992K, used 91567K [0x00000000a0000000, 0x00000000ad000000, 0x00000000e0000000)
  object space 212992K, 42% used [0x00000000a0000000,0x00000000a596be20,0x00000000ad000000)
 Metaspace       used 109429K, capacity 118180K, committed 118400K, reserved 1153024K
  class space    used 14042K, capacity 15419K, committed 15488K, reserved 1048576K
Event: 7598.524 GC heap after
Heap after GC invocations=48 (full 4):
 PSYoungGen      total 444416K, used 36818K [0x00000000e0000000, 0x00000000fe580000, 0x0000000100000000)
  eden space 404480K, 0% used [0x00000000e0000000,0x00000000e0000000,0x00000000f8b00000)
  from space 39936K, 92% used [0x00000000fb580000,0x00000000fd974850,0x00000000fdc80000)
  to   space 43520K, 0% used [0x00000000f8b00000,0x00000000f8b00000,0x00000000fb580000)
 ParOldGen       total 212992K, used 91739K [0x00000000a0000000, 0x00000000ad000000, 0x00000000e0000000)
  object space 212992K, 43% used [0x00000000a0000000,0x00000000a5996e38,0x00000000ad000000)
 Metaspace       used 109429K, capacity 118180K, committed 118400K, reserved 1153024K
  class space    used 14042K, capacity 15419K, committed 15488K, reserved 1048576K
}
Event: 7601.094 GC heap before
{Heap before GC invocations=49 (full 4):
 PSYoungGen      total 444416K, used 441298K [0x00000000e0000000, 0x00000000fe580000, 0x0000000100000000)
  eden space 404480K, 100% used [0x00000000e0000000,0x00000000f8b00000,0x00000000f8b00000)
  from space 39936K, 92% used [0x00000000fb580000,0x00000000fd974850,0x00000000fdc80000)
  to   space 43520K, 0% used [0x00000000f8b00000,0x00000000f8b00000,0x00000000fb580000)
 ParOldGen       total 212992K, used 91961K [0x00000000a0000000, 0x00000000ad000000, 0x00000000e0000000)
  object space 212992K, 43% used [0x00000000a0000000,0x00000000a59ce718,0x00000000ad000000)
 Metaspace       used 109787K, capacity 118570K, committed 118656K, reserved 1153024K
  class space    used 14080K, capacity 15448K, committed 15488K, reserved 1048576K
Event: 7601.178 GC heap after
Heap after GC invocations=49 (full 4):
 PSYoungGen      total 448000K, used 43504K [0x00000000e0000000, 0x0000000100000000, 0x0000000100000000)
  eden space 404480K, 0% used [0x00000000e0000000,0x00000000e0000000,0x00000000f8b00000)
  from space 43520K, 99% used [0x00000000f8b00000,0x00000000fb57c3d0,0x00000000fb580000)
  to   space 49664K, 0% used [0x00000000fcf80000,0x00000000fcf80000,0x0000000100000000)
 ParOldGen       total 212992K, used 93490K [0x00000000a0000000, 0x00000000ad000000, 0x00000000e0000000)
  object space 212992K, 43% used [0x00000000a0000000,0x00000000a5b4c878,0x00000000ad000000)
 Metaspace       used 109787K, capacity 118570K, committed 118656K, reserved 1153024K
  class space    used 14080K, capacity 15448K, committed 15488K, reserved 1048576K
}
Event: 7603.334 GC heap before
{Heap before GC invocations=50 (full 4):
 PSYoungGen      total 448000K, used 447984K [0x00000000e0000000, 0x0000000100000000, 0x0000000100000000)
  eden space 404480K, 100% used [0x00000000e0000000,0x00000000f8b00000,0x00000000f8b00000)
  from space 43520K, 99% used [0x00000000f8b00000,0x00000000fb57c3d0,0x00000000fb580000)
  to   space 49664K, 0% used [0x00000000fcf80000,0x00000000fcf80000,0x0000000100000000)
 ParOldGen       total 212992K, used 93490K [0x00000000a0000000, 0x00000000ad000000, 0x00000000e0000000)
  object space 212992K, 43% used [0x00000000a0000000,0x00000000a5b4c908,0x00000000ad000000)
 Metaspace       used 109885K, capacity 118652K, committed 118912K, reserved 1153024K
  class space    used 14083K, capacity 15451K, committed 15488K, reserved 1048576K
Event: 7603.423 GC heap after
Heap after GC invocations=50 (full 4):
 PSYoungGen      total 466432K, used 43339K [0x00000000e0000000, 0x0000000100000000, 0x0000000100000000)
  eden space 416768K, 0% used [0x00000000e0000000,0x00000000e0000000,0x00000000f9700000)
  from space 49664K, 87% used [0x00000000fcf80000,0x00000000ff9d2cf0,0x0000000100000000)
  to   space 53760K, 0% used [0x00000000f9700000,0x00000000f9700000,0x00000000fcb80000)
 ParOldGen       total 212992K, used 93626K [0x00000000a0000000, 0x00000000ad000000, 0x00000000e0000000)
  object space 212992K, 43% used [0x00000000a0000000,0x00000000a5b6e908,0x00000000ad000000)
 Metaspace       used 109885K, capacity 118652K, committed 118912K, reserved 1153024K
  class space    used 14083K, capacity 15451K, committed 15488K, reserved 1048576K
}
Event: 7605.520 GC heap before
{Heap before GC invocations=51 (full 4):
 PSYoungGen      total 466432K, used 460107K [0x00000000e0000000, 0x0000000100000000, 0x0000000100000000)
  eden space 416768K, 100% used [0x00000000e0000000,0x00000000f9700000,0x00000000f9700000)
  from space 49664K, 87% used [0x00000000fcf80000,0x00000000ff9d2cf0,0x0000000100000000)
  to   space 53760K, 0% used [0x00000000f9700000,0x00000000f9700000,0x00000000fcb80000)
 ParOldGen       total 212992K, used 93626K [0x00000000a0000000, 0x00000000ad000000, 0x00000000e0000000)
  object space 212992K, 43% used [0x00000000a0000000,0x00000000a5b6e908,0x00000000ad000000)
 Metaspace       used 109942K, capacity 118730K, committed 118912K, reserved 1153024K
  class space    used 14083K, capacity 15452K, committed 15488K, reserved 1048576K
Event: 7605.579 GC heap after
Heap after GC invocations=51 (full 4):
 PSYoungGen      total 470528K, used 53754K [0x00000000e0000000, 0x0000000100000000, 0x0000000100000000)
  eden space 416768K, 0% used [0x00000000e0000000,0x00000000e0000000,0x00000000f9700000)
  from space 53760K, 99% used [0x00000000f9700000,0x00000000fcb7e980,0x00000000fcb80000)
  to   space 53760K, 0% used [0x00000000fcb80000,0x00000000fcb80000,0x0000000100000000)
 ParOldGen       total 212992K, used 93658K [0x00000000a0000000, 0x00000000ad000000, 0x00000000e0000000)
  object space 212992K, 43% used [0x00000000a0000000,0x00000000a5b76908,0x00000000ad000000)
 Metaspace       used 109942K, capacity 118730K, committed 118912K, reserved 1153024K
  class space    used 14083K, capacity 15452K, committed 15488K, reserved 1048576K
}
Event: 7607.955 GC heap before
{Heap before GC invocations=52 (full 4):
 PSYoungGen      total 470528K, used 470522K [0x00000000e0000000, 0x0000000100000000, 0x0000000100000000)
  eden space 416768K, 100% used [0x00000000e0000000,0x00000000f9700000,0x00000000f9700000)
  from space 53760K, 99% used [0x00000000f9700000,0x00000000fcb7e980,0x00000000fcb80000)
  to   space 53760K, 0% used [0x00000000fcb80000,0x00000000fcb80000,0x0000000100000000)
 ParOldGen       total 212992K, used 93658K [0x00000000a0000000, 0x00000000ad000000, 0x00000000e0000000)
  object space 212992K, 43% used [0x00000000a0000000,0x00000000a5b76908,0x00000000ad000000)
 Metaspace       used 110078K, capacity 118900K, committed 118912K, reserved 1153024K
  class space    used 14106K, capacity 15487K, committed 15488K, reserved 1048576K
Event: 7608.080 GC heap after
Heap after GC invocations=52 (full 4):
 PSYoungGen      total 444928K, used 53745K [0x00000000e0000000, 0x0000000100000000, 0x0000000100000000)
  eden space 391168K, 0% used [0x00000000e0000000,0x00000000e0000000,0x00000000f7e00000)
  from space 53760K, 99% used [0x00000000fcb80000,0x00000000ffffc470,0x0000000100000000)
  to   space 66560K, 0% used [0x00000000f7e00000,0x00000000f7e00000,0x00000000fbf00000)
 ParOldGen       total 212992K, used 94350K [0x00000000a0000000, 0x00000000ad000000, 0x00000000e0000000)
  object space 212992K, 44% used [0x00000000a0000000,0x00000000a5c23ae8,0x00000000ad000000)
 Metaspace       used 110078K, capacity 118900K, committed 118912K, reserved 1153024K
  class space    used 14106K, capacity 15487K, committed 15488K, reserved 1048576K
}

