# JRE version: Java(TM) SE Runtime Environment (8.0_201-b09) (build 1.8.0_201-b09)
# Java VM: Java HotSpot(TM) 64-Bit Server VM (25.201-b09 mixed mode windows-amd64 compressed oops)
Heap:
 PSYoungGen      total 284672K, used 195639K [0x00000000e0000000, 0x00000000f4c00000, 0x0000000100000000)
  eden space 242688K, 76% used [0x00000000e0000000,0x00000000eb56ea68,0x00000000eed00000)
  from space 41984K, 23% used [0x00000000f2300000,0x00000000f2c9f3f0,0x00000000f4c00000)
  to   space 48640K, 0% used [0x00000000eed00000,0x00000000eed00000,0x00000000f1c80000)
 ParOldGen       total 135680K, used 106893K [0x00000000a0000000, 0x00000000a8480000, 0x00000000e0000000)
  object space 135680K, 78% used [0x00000000a0000000,0x00000000a6863538,0x00000000a8480000)
 Metaspace       used 89861K, capacity 93472K, committed 93824K, reserved 1130496K
  class space    used 12124K, capacity 12817K, committed 12928K, reserved 1048576K
GC Heap History (10 events):
Event: 564.619 GC heap before
{Heap before GC invocations=17 (full 3):
 PSYoungGen      total 189952K, used 187380K [0x00000000e0000000, 0x00000000eed00000, 0x0000000100000000)
  eden space 172032K, 100% used [0x00000000e0000000,0x00000000ea800000,0x00000000ea800000)
  from space 17920K, 85% used [0x00000000ea800000,0x00000000eb6fd260,0x00000000eb980000)
  to   space 19456K, 0% used [0x00000000eda00000,0x00000000eda00000,0x00000000eed00000)
 ParOldGen       total 135680K, used 32147K [0x00000000a0000000, 0x00000000a8480000, 0x00000000e0000000)
  object space 135680K, 23% used [0x00000000a0000000,0x00000000a1f64e58,0x00000000a8480000)
 Metaspace       used 73659K, capacity 75868K, committed 76032K, reserved 1114112K
  class space    used 9888K, capacity 10399K, committed 10496K, reserved 1048576K
Event: 564.646 GC heap after
Heap after GC invocations=17 (full 3):
 PSYoungGen      total 219136K, used 19429K [0x00000000e0000000, 0x00000000ef100000, 0x0000000100000000)
  eden space 199680K, 0% used [0x00000000e0000000,0x00000000e0000000,0x00000000ec300000)
  from space 19456K, 99% used [0x00000000eda00000,0x00000000eecf9430,0x00000000eed00000)
  to   space 23552K, 0% used [0x00000000ec300000,0x00000000ec300000,0x00000000eda00000)
 ParOldGen       total 135680K, used 35447K [0x00000000a0000000, 0x00000000a8480000, 0x00000000e0000000)
  object space 135680K, 26% used [0x00000000a0000000,0x00000000a229dd58,0x00000000a8480000)
 Metaspace       used 73659K, capacity 75868K, committed 76032K, reserved 1114112K
  class space    used 9888K, capacity 10399K, committed 10496K, reserved 1048576K
}
Event: 571.192 GC heap before
{Heap before GC invocations=18 (full 3):
 PSYoungGen      total 219136K, used 219109K [0x00000000e0000000, 0x00000000ef100000, 0x0000000100000000)
  eden space 199680K, 100% used [0x00000000e0000000,0x00000000ec300000,0x00000000ec300000)
  from space 19456K, 99% used [0x00000000eda00000,0x00000000eecf9430,0x00000000eed00000)
  to   space 23552K, 0% used [0x00000000ec300000,0x00000000ec300000,0x00000000eda00000)
 ParOldGen       total 135680K, used 35447K [0x00000000a0000000, 0x00000000a8480000, 0x00000000e0000000)
  object space 135680K, 26% used [0x00000000a0000000,0x00000000a229dd58,0x00000000a8480000)
 Metaspace       used 76713K, capacity 78926K, committed 79104K, reserved 1118208K
  class space    used 10173K, capacity 10650K, committed 10752K, reserved 1048576K
Event: 571.244 GC heap after
Heap after GC invocations=18 (full 3):
 PSYoungGen      total 223232K, used 23520K [0x00000000e0000000, 0x00000000f2680000, 0x0000000100000000)
  eden space 199680K, 0% used [0x00000000e0000000,0x00000000e0000000,0x00000000ec300000)
  from space 23552K, 99% used [0x00000000ec300000,0x00000000ed9f8300,0x00000000eda00000)
  to   space 34816K, 0% used [0x00000000f0480000,0x00000000f0480000,0x00000000f2680000)
 ParOldGen       total 135680K, used 56959K [0x00000000a0000000, 0x00000000a8480000, 0x00000000e0000000)
  object space 135680K, 41% used [0x00000000a0000000,0x00000000a379fe40,0x00000000a8480000)
 Metaspace       used 76713K, capacity 78926K, committed 79104K, reserved 1118208K
  class space    used 10173K, capacity 10650K, committed 10752K, reserved 1048576K
}
Event: 575.394 GC heap before
{Heap before GC invocations=19 (full 3):
 PSYoungGen      total 223232K, used 223200K [0x00000000e0000000, 0x00000000f2680000, 0x0000000100000000)
  eden space 199680K, 100% used [0x00000000e0000000,0x00000000ec300000,0x00000000ec300000)
  from space 23552K, 99% used [0x00000000ec300000,0x00000000ed9f8300,0x00000000eda00000)
  to   space 34816K, 0% used [0x00000000f0480000,0x00000000f0480000,0x00000000f2680000)
 ParOldGen       total 135680K, used 56959K [0x00000000a0000000, 0x00000000a8480000, 0x00000000e0000000)
  object space 135680K, 41% used [0x00000000a0000000,0x00000000a379fe40,0x00000000a8480000)
 Metaspace       used 84573K, capacity 87578K, committed 87680K, reserved 1124352K
  class space    used 11444K, capacity 12082K, committed 12160K, reserved 1048576K
Event: 575.520 GC heap after
Heap after GC invocations=19 (full 3):
 PSYoungGen      total 248832K, used 34806K [0x00000000e0000000, 0x00000000f5700000, 0x0000000100000000)
  eden space 214016K, 0% used [0x00000000e0000000,0x00000000e0000000,0x00000000ed100000)
  from space 34816K, 99% used [0x00000000f0480000,0x00000000f267d9b8,0x00000000f2680000)
  to   space 52736K, 0% used [0x00000000ed100000,0x00000000ed100000,0x00000000f0480000)
 ParOldGen       total 135680K, used 89380K [0x00000000a0000000, 0x00000000a8480000, 0x00000000e0000000)
  object space 135680K, 65% used [0x00000000a0000000,0x00000000a57490f0,0x00000000a8480000)
 Metaspace       used 84573K, capacity 87578K, committed 87680K, reserved 1124352K
  class space    used 11444K, capacity 12082K, committed 12160K, reserved 1048576K
}
Event: 578.184 GC heap before
{Heap before GC invocations=20 (full 3):
 PSYoungGen      total 248832K, used 248442K [0x00000000e0000000, 0x00000000f5700000, 0x0000000100000000)
  eden space 214016K, 99% used [0x00000000e0000000,0x00000000ed0a11e0,0x00000000ed100000)
  from space 34816K, 99% used [0x00000000f0480000,0x00000000f267d9b8,0x00000000f2680000)
  to   space 52736K, 0% used [0x00000000ed100000,0x00000000ed100000,0x00000000f0480000)
 ParOldGen       total 135680K, used 90404K [0x00000000a0000000, 0x00000000a8480000, 0x00000000e0000000)
  object space 135680K, 66% used [0x00000000a0000000,0x00000000a5849100,0x00000000a8480000)
 Metaspace       used 86445K, capacity 89584K, committed 89600K, reserved 1126400K
  class space    used 11652K, capacity 12287K, committed 12288K, reserved 1048576K
Event: 578.225 GC heap after
Heap after GC invocations=20 (full 3):
 PSYoungGen      total 266752K, used 14571K [0x00000000e0000000, 0x00000000f5400000, 0x0000000100000000)
  eden space 214016K, 0% used [0x00000000e0000000,0x00000000e0000000,0x00000000ed100000)
  from space 52736K, 27% used [0x00000000ed100000,0x00000000edf3aeb0,0x00000000f0480000)
  to   space 50176K, 0% used [0x00000000f2300000,0x00000000f2300000,0x00000000f5400000)
 ParOldGen       total 135680K, used 106881K [0x00000000a0000000, 0x00000000a8480000, 0x00000000e0000000)
  object space 135680K, 78% used [0x00000000a0000000,0x00000000a68606c8,0x00000000a8480000)
 Metaspace       used 86445K, capacity 89584K, committed 89600K, reserved 1126400K
  class space    used 11652K, capacity 12287K, committed 12288K, reserved 1048576K
}
Event: 598.838 GC heap before
{Heap before GC invocations=21 (full 3):
 PSYoungGen      total 266752K, used 228587K [0x00000000e0000000, 0x00000000f5400000, 0x0000000100000000)
  eden space 214016K, 100% used [0x00000000e0000000,0x00000000ed100000,0x00000000ed100000)
  from space 52736K, 27% used [0x00000000ed100000,0x00000000edf3aeb0,0x00000000f0480000)
  to   space 50176K, 0% used [0x00000000f2300000,0x00000000f2300000,0x00000000f5400000)
 ParOldGen       total 135680K, used 106885K [0x00000000a0000000, 0x00000000a8480000, 0x00000000e0000000)
  object space 135680K, 78% used [0x00000000a0000000,0x00000000a6861538,0x00000000a8480000)
 Metaspace       used 87855K, capacity 91310K, committed 91392K, reserved 1128448K
  class space    used 11789K, capacity 12484K, committed 12544K, reserved 1048576K
Event: 598.874 GC heap after
Heap after GC invocations=21 (full 3):
 PSYoungGen      total 284672K, used 9852K [0x00000000e0000000, 0x00000000f4c00000, 0x0000000100000000)
  eden space 242688K, 0% used [0x00000000e0000000,0x00000000e0000000,0x00000000eed00000)
  from space 41984K, 23% used [0x00000000f2300000,0x00000000f2c9f3f0,0x00000000f4c00000)
  to   space 48640K, 0% used [0x00000000eed00000,0x00000000eed00000,0x00000000f1c80000)
 ParOldGen       total 135680K, used 106893K [0x00000000a0000000, 0x00000000a8480000, 0x00000000e0000000)
  object space 135680K, 78% used [0x00000000a0000000,0x00000000a6863538,0x00000000a8480000)
 Metaspace       used 87855K, capacity 91310K, committed 91392K, reserved 1128448K
  class space    used 11789K, capacity 12484K, committed 12544K, reserved 1048576K
}

