# JRE version: Java(TM) SE Runtime Environment (8.0_201-b09) (build 1.8.0_201-b09)
# Java VM: Java HotSpot(TM) 64-Bit Server VM (25.201-b09 mixed mode windows-amd64 compressed oops)
Heap:
 PSYoungGen      total 311808K, used 260567K [0x00000000e0000000, 0x00000000f9e80000, 0x0000000100000000)
  eden space 268288K, 80% used [0x00000000e0000000,0x00000000ed3fd590,0x00000000f0600000)
  from space 43520K, 99% used [0x00000000f4400000,0x00000000f6e78a50,0x00000000f6e80000)
  to   space 63488K, 0% used [0x00000000f0600000,0x00000000f0600000,0x00000000f4400000)
 ParOldGen       total 207360K, used 111815K [0x00000000a0000000, 0x00000000aca80000, 0x00000000e0000000)
  object space 207360K, 53% used [0x00000000a0000000,0x00000000a6d31fa0,0x00000000aca80000)
 Metaspace       used 99768K, capacity 103624K, committed 103680K, reserved 1138688K
  class space    used 13259K, capacity 14073K, committed 14080K, reserved 1048576K
GC Heap History (10 events):
Event: 1416.081 GC heap before
{Heap before GC invocations=18 (full 3):
 PSYoungGen      total 245248K, used 244257K [0x00000000e0000000, 0x00000000f0c80000, 0x0000000100000000)
  eden space 227840K, 100% used [0x00000000e0000000,0x00000000ede80000,0x00000000ede80000)
  from space 17408K, 94% used [0x00000000efb80000,0x00000000f0b88498,0x00000000f0c80000)
  to   space 23552K, 0% used [0x00000000ede80000,0x00000000ede80000,0x00000000ef580000)
 ParOldGen       total 123904K, used 42600K [0x00000000a0000000, 0x00000000a7900000, 0x00000000e0000000)
  object space 123904K, 34% used [0x00000000a0000000,0x00000000a299a0d0,0x00000000a7900000)
 Metaspace       used 87465K, capacity 90212K, committed 90496K, reserved 1128448K
  class space    used 11509K, capacity 12103K, committed 12160K, reserved 1048576K
Event: 1416.122 GC heap after
Heap after GC invocations=18 (full 3):
 PSYoungGen      total 251392K, used 23536K [0x00000000e0000000, 0x00000000f3e80000, 0x0000000100000000)
  eden space 227840K, 0% used [0x00000000e0000000,0x00000000e0000000,0x00000000ede80000)
  from space 23552K, 99% used [0x00000000ede80000,0x00000000ef57c160,0x00000000ef580000)
  to   space 30720K, 0% used [0x00000000f2080000,0x00000000f2080000,0x00000000f3e80000)
 ParOldGen       total 123904K, used 52796K [0x00000000a0000000, 0x00000000a7900000, 0x00000000e0000000)
  object space 123904K, 42% used [0x00000000a0000000,0x00000000a338f318,0x00000000a7900000)
 Metaspace       used 87465K, capacity 90212K, committed 90496K, reserved 1128448K
  class space    used 11509K, capacity 12103K, committed 12160K, reserved 1048576K
}
Event: 1421.312 GC heap before
{Heap before GC invocations=19 (full 3):
 PSYoungGen      total 251392K, used 251376K [0x00000000e0000000, 0x00000000f3e80000, 0x0000000100000000)
  eden space 227840K, 100% used [0x00000000e0000000,0x00000000ede80000,0x00000000ede80000)
  from space 23552K, 99% used [0x00000000ede80000,0x00000000ef57c160,0x00000000ef580000)
  to   space 30720K, 0% used [0x00000000f2080000,0x00000000f2080000,0x00000000f3e80000)
 ParOldGen       total 123904K, used 52796K [0x00000000a0000000, 0x00000000a7900000, 0x00000000e0000000)
  object space 123904K, 42% used [0x00000000a0000000,0x00000000a338f318,0x00000000a7900000)
 Metaspace       used 89392K, capacity 92264K, committed 92544K, reserved 1130496K
  class space    used 11717K, capacity 12365K, committed 12416K, reserved 1048576K
Event: 1421.396 GC heap after
Heap after GC invocations=19 (full 3):
 PSYoungGen      total 281600K, used 30705K [0x00000000e0000000, 0x00000000f5d80000, 0x0000000100000000)
  eden space 250880K, 0% used [0x00000000e0000000,0x00000000e0000000,0x00000000ef500000)
  from space 30720K, 99% used [0x00000000f2080000,0x00000000f3e7c6c8,0x00000000f3e80000)
  to   space 44544K, 0% used [0x00000000ef500000,0x00000000ef500000,0x00000000f2080000)
 ParOldGen       total 123904K, used 76694K [0x00000000a0000000, 0x00000000a7900000, 0x00000000e0000000)
  object space 123904K, 61% used [0x00000000a0000000,0x00000000a4ae5bb0,0x00000000a7900000)
 Metaspace       used 89392K, capacity 92264K, committed 92544K, reserved 1130496K
  class space    used 11717K, capacity 12365K, committed 12416K, reserved 1048576K
}
Event: 1422.265 GC heap before
{Heap before GC invocations=20 (full 3):
 PSYoungGen      total 281600K, used 76498K [0x00000000e0000000, 0x00000000f5d80000, 0x0000000100000000)
  eden space 250880K, 18% used [0x00000000e0000000,0x00000000e2cb8348,0x00000000ef500000)
  from space 30720K, 99% used [0x00000000f2080000,0x00000000f3e7c6c8,0x00000000f3e80000)
  to   space 44544K, 0% used [0x00000000ef500000,0x00000000ef500000,0x00000000f2080000)
 ParOldGen       total 123904K, used 76694K [0x00000000a0000000, 0x00000000a7900000, 0x00000000e0000000)
  object space 123904K, 61% used [0x00000000a0000000,0x00000000a4ae5bb0,0x00000000a7900000)
 Metaspace       used 95255K, capacity 98496K, committed 98560K, reserved 1134592K
  class space    used 12657K, capacity 13387K, committed 13440K, reserved 1048576K
Event: 1422.289 GC heap after
Heap after GC invocations=20 (full 3):
 PSYoungGen      total 295424K, used 6561K [0x00000000e0000000, 0x00000000f6e80000, 0x0000000100000000)
  eden space 250880K, 0% used [0x00000000e0000000,0x00000000e0000000,0x00000000ef500000)
  from space 44544K, 14% used [0x00000000ef500000,0x00000000efb68550,0x00000000f2080000)
  to   space 43520K, 0% used [0x00000000f4400000,0x00000000f4400000,0x00000000f6e80000)
 ParOldGen       total 123904K, used 86588K [0x00000000a0000000, 0x00000000a7900000, 0x00000000e0000000)
  object space 123904K, 69% used [0x00000000a0000000,0x00000000a548f0a0,0x00000000a7900000)
 Metaspace       used 95255K, capacity 98496K, committed 98560K, reserved 1134592K
  class space    used 12657K, capacity 13387K, committed 13440K, reserved 1048576K
}
Event: 1422.289 GC heap before
{Heap before GC invocations=21 (full 4):
 PSYoungGen      total 295424K, used 6561K [0x00000000e0000000, 0x00000000f6e80000, 0x0000000100000000)
  eden space 250880K, 0% used [0x00000000e0000000,0x00000000e0000000,0x00000000ef500000)
  from space 44544K, 14% used [0x00000000ef500000,0x00000000efb68550,0x00000000f2080000)
  to   space 43520K, 0% used [0x00000000f4400000,0x00000000f4400000,0x00000000f6e80000)
 ParOldGen       total 123904K, used 86588K [0x00000000a0000000, 0x00000000a7900000, 0x00000000e0000000)
  object space 123904K, 69% used [0x00000000a0000000,0x00000000a548f0a0,0x00000000a7900000)
 Metaspace       used 95255K, capacity 98496K, committed 98560K, reserved 1134592K
  class space    used 12657K, capacity 13387K, committed 13440K, reserved 1048576K
Event: 1422.634 GC heap after
Heap after GC invocations=21 (full 4):
 PSYoungGen      total 295424K, used 0K [0x00000000e0000000, 0x00000000f6e80000, 0x0000000100000000)
  eden space 250880K, 0% used [0x00000000e0000000,0x00000000e0000000,0x00000000ef500000)
  from space 44544K, 0% used [0x00000000ef500000,0x00000000ef500000,0x00000000f2080000)
  to   space 43520K, 0% used [0x00000000f4400000,0x00000000f4400000,0x00000000f6e80000)
 ParOldGen       total 207360K, used 77639K [0x00000000a0000000, 0x00000000aca80000, 0x00000000e0000000)
  object space 207360K, 37% used [0x00000000a0000000,0x00000000a4bd1c48,0x00000000aca80000)
 Metaspace       used 95194K, capacity 98310K, committed 98560K, reserved 1134592K
  class space    used 12636K, capacity 13352K, committed 13440K, reserved 1048576K
}
Event: 1426.943 GC heap before
{Heap before GC invocations=22 (full 4):
 PSYoungGen      total 295424K, used 250880K [0x00000000e0000000, 0x00000000f6e80000, 0x0000000100000000)
  eden space 250880K, 100% used [0x00000000e0000000,0x00000000ef500000,0x00000000ef500000)
  from space 44544K, 0% used [0x00000000ef500000,0x00000000ef500000,0x00000000f2080000)
  to   space 43520K, 0% used [0x00000000f4400000,0x00000000f4400000,0x00000000f6e80000)
 ParOldGen       total 207360K, used 77639K [0x00000000a0000000, 0x00000000aca80000, 0x00000000e0000000)
  object space 207360K, 37% used [0x00000000a0000000,0x00000000a4bd1c48,0x00000000aca80000)
 Metaspace       used 97159K, capacity 100704K, committed 100992K, reserved 1136640K
  class space    used 12913K, capacity 13649K, committed 13696K, reserved 1048576K
Event: 1427.044 GC heap after
Heap after GC invocations=22 (full 4):
 PSYoungGen      total 311808K, used 43490K [0x00000000e0000000, 0x00000000f9e80000, 0x0000000100000000)
  eden space 268288K, 0% used [0x00000000e0000000,0x00000000e0000000,0x00000000f0600000)
  from space 43520K, 99% used [0x00000000f4400000,0x00000000f6e78a50,0x00000000f6e80000)
  to   space 63488K, 0% used [0x00000000f0600000,0x00000000f0600000,0x00000000f4400000)
 ParOldGen       total 207360K, used 111815K [0x00000000a0000000, 0x00000000aca80000, 0x00000000e0000000)
  object space 207360K, 53% used [0x00000000a0000000,0x00000000a6d31fa0,0x00000000aca80000)
 Metaspace       used 97159K, capacity 100704K, committed 100992K, reserved 1136640K
  class space    used 12913K, capacity 13649K, committed 13696K, reserved 1048576K
}

