# JRE version: Java(TM) SE Runtime Environment (8.0_201-b09) (build 1.8.0_201-b09)
# Java VM: Java HotSpot(TM) 64-Bit Server VM (25.201-b09 mixed mode windows-amd64 compressed oops)
Heap:
 PSYoungGen      total 316416K, used 55255K [0x00000000e0000000, 0x00000000f6980000, 0x0000000100000000)
  eden space 266240K, 15% used [0x00000000e0000000,0x00000000e2956218,0x00000000f0400000)
  from space 50176K, 25% used [0x00000000f0400000,0x00000000f109fd98,0x00000000f3500000)
  to   space 40448K, 0% used [0x00000000f3500000,0x00000000f3500000,0x00000000f5c80000)
 ParOldGen       total 142336K, used 82173K [0x00000000a0000000, 0x00000000a8b00000, 0x00000000e0000000)
  object space 142336K, 57% used [0x00000000a0000000,0x00000000a503f640,0x00000000a8b00000)
 Metaspace       used 98678K, capacity 102014K, committed 104192K, reserved 1138688K
  class space    used 13176K, capacity 13847K, committed 14336K, reserved 1048576K
GC Heap History (10 events):
Event: 153.546 GC heap before
{Heap before GC invocations=21 (full 3):
 PSYoungGen      total 246784K, used 240267K [0x00000000e0000000, 0x00000000f3100000, 0x0000000100000000)
  eden space 212992K, 100% used [0x00000000e0000000,0x00000000ed000000,0x00000000ed000000)
  from space 33792K, 80% used [0x00000000ed000000,0x00000000eeaa2f18,0x00000000ef100000)
  to   space 36864K, 0% used [0x00000000f0d00000,0x00000000f0d00000,0x00000000f3100000)
 ParOldGen       total 142336K, used 68001K [0x00000000a0000000, 0x00000000a8b00000, 0x00000000e0000000)
  object space 142336K, 47% used [0x00000000a0000000,0x00000000a42687c0,0x00000000a8b00000)
 Metaspace       used 88690K, capacity 92638K, committed 92928K, reserved 1128448K
  class space    used 12217K, capacity 13016K, committed 13056K, reserved 1048576K
Event: 153.582 GC heap after
Heap after GC invocations=21 (full 3):
 PSYoungGen      total 276480K, used 19817K [0x00000000e0000000, 0x00000000f3700000, 0x0000000100000000)
  eden space 239616K, 0% used [0x00000000e0000000,0x00000000e0000000,0x00000000eea00000)
  from space 36864K, 53% used [0x00000000f0d00000,0x00000000f205a7d0,0x00000000f3100000)
  to   space 35840K, 0% used [0x00000000eea00000,0x00000000eea00000,0x00000000f0d00000)
 ParOldGen       total 142336K, used 68009K [0x00000000a0000000, 0x00000000a8b00000, 0x00000000e0000000)
  object space 142336K, 47% used [0x00000000a0000000,0x00000000a426a7c0,0x00000000a8b00000)
 Metaspace       used 88690K, capacity 92638K, committed 92928K, reserved 1128448K
  class space    used 12217K, capacity 13016K, committed 13056K, reserved 1048576K
}
Event: 157.488 GC heap before
{Heap before GC invocations=22 (full 3):
 PSYoungGen      total 276480K, used 259433K [0x00000000e0000000, 0x00000000f3700000, 0x0000000100000000)
  eden space 239616K, 100% used [0x00000000e0000000,0x00000000eea00000,0x00000000eea00000)
  from space 36864K, 53% used [0x00000000f0d00000,0x00000000f205a7d0,0x00000000f3100000)
  to   space 35840K, 0% used [0x00000000eea00000,0x00000000eea00000,0x00000000f0d00000)
 ParOldGen       total 142336K, used 68009K [0x00000000a0000000, 0x00000000a8b00000, 0x00000000e0000000)
  object space 142336K, 47% used [0x00000000a0000000,0x00000000a426a7c0,0x00000000a8b00000)
 Metaspace       used 89406K, capacity 93464K, committed 93824K, reserved 1130496K
  class space    used 12288K, capacity 13099K, committed 13184K, reserved 1048576K
Event: 157.549 GC heap after
Heap after GC invocations=22 (full 3):
 PSYoungGen      total 275456K, used 33359K [0x00000000e0000000, 0x00000000f5c80000, 0x0000000100000000)
  eden space 239616K, 0% used [0x00000000e0000000,0x00000000e0000000,0x00000000eea00000)
  from space 35840K, 93% used [0x00000000eea00000,0x00000000f0a93c38,0x00000000f0d00000)
  to   space 40448K, 0% used [0x00000000f3500000,0x00000000f3500000,0x00000000f5c80000)
 ParOldGen       total 142336K, used 68017K [0x00000000a0000000, 0x00000000a8b00000, 0x00000000e0000000)
  object space 142336K, 47% used [0x00000000a0000000,0x00000000a426c7c0,0x00000000a8b00000)
 Metaspace       used 89406K, capacity 93464K, committed 93824K, reserved 1130496K
  class space    used 12288K, capacity 13099K, committed 13184K, reserved 1048576K
}
Event: 4490.581 GC heap before
{Heap before GC invocations=23 (full 3):
 PSYoungGen      total 275456K, used 262904K [0x00000000e0000000, 0x00000000f5c80000, 0x0000000100000000)
  eden space 239616K, 95% used [0x00000000e0000000,0x00000000ee02a438,0x00000000eea00000)
  from space 35840K, 93% used [0x00000000eea00000,0x00000000f0a93c38,0x00000000f0d00000)
  to   space 40448K, 0% used [0x00000000f3500000,0x00000000f3500000,0x00000000f5c80000)
 ParOldGen       total 142336K, used 68017K [0x00000000a0000000, 0x00000000a8b00000, 0x00000000e0000000)
  object space 142336K, 47% used [0x00000000a0000000,0x00000000a426c7c0,0x00000000a8b00000)
 Metaspace       used 94032K, capacity 98200K, committed 98304K, reserved 1134592K
  class space    used 12660K, capacity 13483K, committed 13568K, reserved 1048576K
Event: 4490.698 GC heap after
Heap after GC invocations=23 (full 3):
 PSYoungGen      total 306688K, used 40420K [0x00000000e0000000, 0x00000000f6980000, 0x0000000100000000)
  eden space 266240K, 0% used [0x00000000e0000000,0x00000000e0000000,0x00000000f0400000)
  from space 40448K, 99% used [0x00000000f3500000,0x00000000f5c79068,0x00000000f5c80000)
  to   space 50176K, 0% used [0x00000000f0400000,0x00000000f0400000,0x00000000f3500000)
 ParOldGen       total 142336K, used 78801K [0x00000000a0000000, 0x00000000a8b00000, 0x00000000e0000000)
  object space 142336K, 55% used [0x00000000a0000000,0x00000000a4cf46f0,0x00000000a8b00000)
 Metaspace       used 94032K, capacity 98200K, committed 98304K, reserved 1134592K
  class space    used 12660K, capacity 13483K, committed 13568K, reserved 1048576K
}
Event: 4490.698 GC heap before
{Heap before GC invocations=24 (full 4):
 PSYoungGen      total 306688K, used 40420K [0x00000000e0000000, 0x00000000f6980000, 0x0000000100000000)
  eden space 266240K, 0% used [0x00000000e0000000,0x00000000e0000000,0x00000000f0400000)
  from space 40448K, 99% used [0x00000000f3500000,0x00000000f5c79068,0x00000000f5c80000)
  to   space 50176K, 0% used [0x00000000f0400000,0x00000000f0400000,0x00000000f3500000)
 ParOldGen       total 142336K, used 78801K [0x00000000a0000000, 0x00000000a8b00000, 0x00000000e0000000)
  object space 142336K, 55% used [0x00000000a0000000,0x00000000a4cf46f0,0x00000000a8b00000)
 Metaspace       used 94032K, capacity 98200K, committed 98304K, reserved 1134592K
  class space    used 12660K, capacity 13483K, committed 13568K, reserved 1048576K
Event: 4491.164 GC heap after
Heap after GC invocations=24 (full 4):
 PSYoungGen      total 306688K, used 0K [0x00000000e0000000, 0x00000000f6980000, 0x0000000100000000)
  eden space 266240K, 0% used [0x00000000e0000000,0x00000000e0000000,0x00000000f0400000)
  from space 40448K, 0% used [0x00000000f3500000,0x00000000f3500000,0x00000000f5c80000)
  to   space 50176K, 0% used [0x00000000f0400000,0x00000000f0400000,0x00000000f3500000)
 ParOldGen       total 142336K, used 82165K [0x00000000a0000000, 0x00000000a8b00000, 0x00000000e0000000)
  object space 142336K, 57% used [0x00000000a0000000,0x00000000a503d640,0x00000000a8b00000)
 Metaspace       used 92478K, capacity 95408K, committed 98304K, reserved 1134592K
  class space    used 12348K, capacity 12932K, committed 13568K, reserved 1048576K
}
Event: 4498.606 GC heap before
{Heap before GC invocations=25 (full 4):
 PSYoungGen      total 306688K, used 266240K [0x00000000e0000000, 0x00000000f6980000, 0x0000000100000000)
  eden space 266240K, 100% used [0x00000000e0000000,0x00000000f0400000,0x00000000f0400000)
  from space 40448K, 0% used [0x00000000f3500000,0x00000000f3500000,0x00000000f5c80000)
  to   space 50176K, 0% used [0x00000000f0400000,0x00000000f0400000,0x00000000f3500000)
 ParOldGen       total 142336K, used 82165K [0x00000000a0000000, 0x00000000a8b00000, 0x00000000e0000000)
  object space 142336K, 57% used [0x00000000a0000000,0x00000000a503d640,0x00000000a8b00000)
 Metaspace       used 96461K, capacity 99666K, committed 102016K, reserved 1136640K
  class space    used 12838K, capacity 13503K, committed 13952K, reserved 1048576K
Event: 4498.645 GC heap after
Heap after GC invocations=25 (full 4):
 PSYoungGen      total 316416K, used 12927K [0x00000000e0000000, 0x00000000f6980000, 0x0000000100000000)
  eden space 266240K, 0% used [0x00000000e0000000,0x00000000e0000000,0x00000000f0400000)
  from space 50176K, 25% used [0x00000000f0400000,0x00000000f109fd98,0x00000000f3500000)
  to   space 40448K, 0% used [0x00000000f3500000,0x00000000f3500000,0x00000000f5c80000)
 ParOldGen       total 142336K, used 82173K [0x00000000a0000000, 0x00000000a8b00000, 0x00000000e0000000)
  object space 142336K, 57% used [0x00000000a0000000,0x00000000a503f640,0x00000000a8b00000)
 Metaspace       used 96461K, capacity 99666K, committed 102016K, reserved 1136640K
  class space    used 12838K, capacity 13503K, committed 13952K, reserved 1048576K
}

